{"D:\\Projects\\AI\\xmlPreviewer\\src\\services\\xsd\\generators\\NumericRangeGenerator.ts": {"path":"D:\\Projects\\AI\\xmlPreviewer\\src\\services\\xsd\\generators\\NumericRangeGenerator.ts","statementMap":{"0":{"start":{"line":11,"column":37},"end":{"line":11,"column":null}},"1":{"start":{"line":12,"column":37},"end":{"line":12,"column":null}},"2":{"start":{"line":13,"column":37},"end":{"line":13,"column":null}},"3":{"start":{"line":14,"column":37},"end":{"line":14,"column":null}},"4":{"start":{"line":23,"column":16},"end":{"line":23,"column":null}},"5":{"start":{"line":24,"column":16},"end":{"line":24,"column":null}},"6":{"start":{"line":25,"column":25},"end":{"line":25,"column":null}},"7":{"start":{"line":26,"column":25},"end":{"line":26,"column":null}},"8":{"start":{"line":27,"column":4},"end":{"line":27,"column":null}},"9":{"start":{"line":37,"column":16},"end":{"line":37,"column":null}},"10":{"start":{"line":38,"column":16},"end":{"line":38,"column":null}},"11":{"start":{"line":39,"column":25},"end":{"line":39,"column":null}},"12":{"start":{"line":40,"column":25},"end":{"line":40,"column":null}},"13":{"start":{"line":41,"column":4},"end":{"line":41,"column":null}},"14":{"start":{"line":48,"column":4},"end":{"line":48,"column":null}},"15":{"start":{"line":55,"column":4},"end":{"line":55,"column":null}},"16":{"start":{"line":62,"column":4},"end":{"line":62,"column":null}},"17":{"start":{"line":69,"column":4},"end":{"line":69,"column":null}},"18":{"start":{"line":83,"column":25},"end":{"line":83,"column":null}},"19":{"start":{"line":84,"column":25},"end":{"line":84,"column":null}},"20":{"start":{"line":87,"column":4},"end":{"line":89,"column":null}},"21":{"start":{"line":88,"column":6},"end":{"line":88,"column":null}},"22":{"start":{"line":92,"column":19},"end":{"line":92,"column":null}},"23":{"start":{"line":93,"column":18},"end":{"line":93,"column":null}},"24":{"start":{"line":95,"column":4},"end":{"line":95,"column":null}}},"fnMap":{"0":{"name":"(anonymous_0)","decl":{"start":{"line":22,"column":2},"end":{"line":22,"column":18}},"loc":{"start":{"line":22,"column":62},"end":{"line":28,"column":null}},"line":22},"1":{"name":"(anonymous_1)","decl":{"start":{"line":36,"column":2},"end":{"line":36,"column":18}},"loc":{"start":{"line":36,"column":62},"end":{"line":42,"column":null}},"line":36},"2":{"name":"(anonymous_2)","decl":{"start":{"line":47,"column":10},"end":{"line":47,"column":22}},"loc":{"start":{"line":47,"column":81},"end":{"line":49,"column":null}},"line":47},"3":{"name":"(anonymous_3)","decl":{"start":{"line":54,"column":10},"end":{"line":54,"column":22}},"loc":{"start":{"line":54,"column":81},"end":{"line":56,"column":null}},"line":54},"4":{"name":"(anonymous_4)","decl":{"start":{"line":61,"column":10},"end":{"line":61,"column":25}},"loc":{"start":{"line":61,"column":63},"end":{"line":63,"column":null}},"line":61},"5":{"name":"(anonymous_5)","decl":{"start":{"line":68,"column":10},"end":{"line":68,"column":25}},"loc":{"start":{"line":68,"column":63},"end":{"line":70,"column":null}},"line":68},"6":{"name":"(anonymous_6)","decl":{"start":{"line":75,"column":10},"end":{"line":75,"column":null}},"loc":{"start":{"line":81,"column":19},"end":{"line":96,"column":null}},"line":81}},"branchMap":{"0":{"loc":{"start":{"line":48,"column":11},"end":{"line":48,"column":null}},"type":"binary-expr","locations":[{"start":{"line":48,"column":11},"end":{"line":48,"column":39}},{"start":{"line":48,"column":39},"end":{"line":48,"column":67}},{"start":{"line":48,"column":67},"end":{"line":48,"column":null}}],"line":48},"1":{"loc":{"start":{"line":55,"column":11},"end":{"line":55,"column":null}},"type":"binary-expr","locations":[{"start":{"line":55,"column":11},"end":{"line":55,"column":39}},{"start":{"line":55,"column":39},"end":{"line":55,"column":67}},{"start":{"line":55,"column":67},"end":{"line":55,"column":null}}],"line":55},"2":{"loc":{"start":{"line":83,"column":25},"end":{"line":83,"column":null}},"type":"cond-expr","locations":[{"start":{"line":83,"column":40},"end":{"line":83,"column":46}},{"start":{"line":83,"column":46},"end":{"line":83,"column":null}}],"line":83},"3":{"loc":{"start":{"line":83,"column":53},"end":{"line":83,"column":null}},"type":"cond-expr","locations":[{"start":{"line":83,"column":65},"end":{"line":83,"column":69}},{"start":{"line":83,"column":69},"end":{"line":83,"column":null}}],"line":83},"4":{"loc":{"start":{"line":84,"column":25},"end":{"line":84,"column":null}},"type":"cond-expr","locations":[{"start":{"line":84,"column":40},"end":{"line":84,"column":46}},{"start":{"line":84,"column":46},"end":{"line":84,"column":null}}],"line":84},"5":{"loc":{"start":{"line":84,"column":53},"end":{"line":84,"column":null}},"type":"cond-expr","locations":[{"start":{"line":84,"column":65},"end":{"line":84,"column":69}},{"start":{"line":84,"column":69},"end":{"line":84,"column":null}}],"line":84},"6":{"loc":{"start":{"line":87,"column":4},"end":{"line":89,"column":null}},"type":"if","locations":[{"start":{"line":87,"column":4},"end":{"line":89,"column":null}},{"start":{},"end":{}}],"line":87},"7":{"loc":{"start":{"line":95,"column":11},"end":{"line":95,"column":null}},"type":"cond-expr","locations":[{"start":{"line":95,"column":23},"end":{"line":95,"column":43}},{"start":{"line":95,"column":43},"end":{"line":95,"column":null}}],"line":95}},"s":{"0":8,"1":8,"2":8,"3":8,"4":7,"5":7,"6":7,"7":7,"8":7,"9":1,"10":1,"11":1,"12":1,"13":1,"14":8,"15":8,"16":8,"17":8,"18":8,"19":8,"20":8,"21":1,"22":7,"23":7,"24":7},"f":{"0":7,"1":1,"2":8,"3":8,"4":8,"5":8,"6":8},"b":{"0":[8,2,1],"1":[8,3,1],"2":[6,2],"3":[2,0],"4":[5,3],"5":[3,0],"6":[1,7],"7":[6,1]},"meta":{"lastBranch":8,"lastFunction":7,"lastStatement":25,"seen":{"s:11:37:11:Infinity":0,"s:12:37:12:Infinity":1,"s:13:37:13:Infinity":2,"s:14:37:14:Infinity":3,"f:22:2:22:18":0,"s:23:16:23:Infinity":4,"s:24:16:24:Infinity":5,"s:25:25:25:Infinity":6,"s:26:25:26:Infinity":7,"s:27:4:27:Infinity":8,"f:36:2:36:18":1,"s:37:16:37:Infinity":9,"s:38:16:38:Infinity":10,"s:39:25:39:Infinity":11,"s:40:25:40:Infinity":12,"s:41:4:41:Infinity":13,"f:47:10:47:22":2,"s:48:4:48:Infinity":14,"b:48:11:48:39:48:39:48:67:48:67:48:Infinity":0,"f:54:10:54:22":3,"s:55:4:55:Infinity":15,"b:55:11:55:39:55:39:55:67:55:67:55:Infinity":1,"f:61:10:61:25":4,"s:62:4:62:Infinity":16,"f:68:10:68:25":5,"s:69:4:69:Infinity":17,"f:75:10:75:Infinity":6,"s:83:25:83:Infinity":18,"b:83:40:83:46:83:46:83:Infinity":2,"b:83:65:83:69:83:69:83:Infinity":3,"s:84:25:84:Infinity":19,"b:84:40:84:46:84:46:84:Infinity":4,"b:84:65:84:69:84:69:84:Infinity":5,"b:87:4:89:Infinity:undefined:undefined:undefined:undefined":6,"s:87:4:89:Infinity":20,"s:88:6:88:Infinity":21,"s:92:19:92:Infinity":22,"s:93:18:93:Infinity":23,"s:95:4:95:Infinity":24,"b:95:23:95:43:95:43:95:Infinity":7}}}
}
