{"D:\\Projects\\AI\\xmlPreviewer\\src\\core\\documentManager\\DocumentManager.css": {"path":"D:\\Projects\\AI\\xmlPreviewer\\src\\core\\documentManager\\DocumentManager.css","statementMap":{},"fnMap":{},"branchMap":{},"s":{},"f":{},"b":{},"meta":{"lastBranch":0,"lastFunction":0,"lastStatement":0,"seen":{}}}
,"D:\\Projects\\AI\\xmlPreviewer\\src\\core\\documentManager\\DocumentManager.tsx": {"path":"D:\\Projects\\AI\\xmlPreviewer\\src\\core\\documentManager\\DocumentManager.tsx","statementMap":{"0":{"start":{"line":34,"column":2},"end":{"line":34,"column":null}},"1":{"start":{"line":36,"column":8},"end":{"line":36,"column":null}},"2":{"start":{"line":41,"column":8},"end":{"line":45,"column":null}},"3":{"start":{"line":42,"column":10},"end":{"line":42,"column":null}},"4":{"start":{"line":43,"column":4},"end":{"line":43,"column":null}},"5":{"start":{"line":44,"column":4},"end":{"line":44,"column":null}},"6":{"start":{"line":50,"column":8},"end":{"line":69,"column":null}},"7":{"start":{"line":52,"column":19},"end":{"line":52,"column":null}},"8":{"start":{"line":53,"column":6},"end":{"line":53,"column":null}},"9":{"start":{"line":53,"column":17},"end":{"line":53,"column":null}},"10":{"start":{"line":55,"column":6},"end":{"line":61,"column":null}},"11":{"start":{"line":56,"column":20},"end":{"line":56,"column":null}},"12":{"start":{"line":57,"column":8},"end":{"line":57,"column":null}},"13":{"start":{"line":58,"column":8},"end":{"line":58,"column":null}},"14":{"start":{"line":60,"column":8},"end":{"line":60,"column":null}},"15":{"start":{"line":64,"column":6},"end":{"line":66,"column":null}},"16":{"start":{"line":65,"column":8},"end":{"line":65,"column":null}},"17":{"start":{"line":74,"column":8},"end":{"line":76,"column":null}},"18":{"start":{"line":75,"column":4},"end":{"line":75,"column":null}},"19":{"start":{"line":82,"column":8},"end":{"line":101,"column":null}},"20":{"start":{"line":84,"column":24},"end":{"line":84,"column":null}},"21":{"start":{"line":85,"column":18},"end":{"line":85,"column":null}},"22":{"start":{"line":85,"column":40},"end":{"line":85,"column":54}},"23":{"start":{"line":87,"column":6},"end":{"line":87,"column":null}},"24":{"start":{"line":87,"column":16},"end":{"line":87,"column":null}},"25":{"start":{"line":89,"column":6},"end":{"line":96,"column":null}},"26":{"start":{"line":90,"column":26},"end":{"line":92,"column":null}},"27":{"start":{"line":93,"column":8},"end":{"line":95,"column":null}},"28":{"start":{"line":94,"column":10},"end":{"line":94,"column":null}},"29":{"start":{"line":98,"column":6},"end":{"line":98,"column":null}},"30":{"start":{"line":106,"column":8},"end":{"line":111,"column":null}},"31":{"start":{"line":108,"column":6},"end":{"line":108,"column":null}},"32":{"start":{"line":113,"column":20},"end":{"line":113,"column":null}},"33":{"start":{"line":114,"column":25},"end":{"line":114,"column":null}},"34":{"start":{"line":116,"column":2},"end":{"line":153,"column":null}}},"fnMap":{"0":{"name":"DocumentManager","decl":{"start":{"line":27,"column":16},"end":{"line":27,"column":34}},"loc":{"start":{"line":27,"column":34},"end":{"line":155,"column":null}},"line":27},"1":{"name":"(anonymous_1)","decl":{"start":{"line":41,"column":36},"end":{"line":41,"column":42}},"loc":{"start":{"line":41,"column":42},"end":{"line":45,"column":5}},"line":41},"2":{"name":"(anonymous_2)","decl":{"start":{"line":51,"column":4},"end":{"line":51,"column":11}},"loc":{"start":{"line":51,"column":54},"end":{"line":67,"column":null}},"line":51},"3":{"name":"(anonymous_3)","decl":{"start":{"line":74,"column":44},"end":{"line":74,"column":50}},"loc":{"start":{"line":74,"column":50},"end":{"line":76,"column":5}},"line":74},"4":{"name":"(anonymous_4)","decl":{"start":{"line":83,"column":4},"end":{"line":83,"column":5}},"loc":{"start":{"line":83,"column":23},"end":{"line":99,"column":null}},"line":83},"5":{"name":"(anonymous_5)","decl":{"start":{"line":85,"column":33},"end":{"line":85,"column":34}},"loc":{"start":{"line":85,"column":40},"end":{"line":85,"column":54}},"line":85},"6":{"name":"(anonymous_6)","decl":{"start":{"line":107,"column":4},"end":{"line":107,"column":5}},"loc":{"start":{"line":107,"column":23},"end":{"line":109,"column":null}},"line":107}},"branchMap":{"0":{"loc":{"start":{"line":53,"column":6},"end":{"line":53,"column":null}},"type":"if","locations":[{"start":{"line":53,"column":6},"end":{"line":53,"column":null}},{"start":{},"end":{}}],"line":53},"1":{"loc":{"start":{"line":64,"column":6},"end":{"line":66,"column":null}},"type":"if","locations":[{"start":{"line":64,"column":6},"end":{"line":66,"column":null}},{"start":{},"end":{}}],"line":64},"2":{"loc":{"start":{"line":87,"column":6},"end":{"line":87,"column":null}},"type":"if","locations":[{"start":{"line":87,"column":6},"end":{"line":87,"column":null}},{"start":{},"end":{}}],"line":87},"3":{"loc":{"start":{"line":89,"column":6},"end":{"line":96,"column":null}},"type":"if","locations":[{"start":{"line":89,"column":6},"end":{"line":96,"column":null}},{"start":{},"end":{}}],"line":89},"4":{"loc":{"start":{"line":93,"column":8},"end":{"line":95,"column":null}},"type":"if","locations":[{"start":{"line":93,"column":8},"end":{"line":95,"column":null}},{"start":{},"end":{}}],"line":93},"5":{"loc":{"start":{"line":134,"column":26},"end":{"line":134,"column":null}},"type":"binary-expr","locations":[{"start":{"line":134,"column":26},"end":{"line":134,"column":48}},{"start":{"line":134,"column":48},"end":{"line":134,"column":null}}],"line":134},"6":{"loc":{"start":{"line":140,"column":9},"end":{"line":150,"column":null}},"type":"cond-expr","locations":[{"start":{"line":141,"column":10},"end":{"line":143,"column":null}},{"start":{"line":145,"column":10},"end":{"line":150,"column":null}}],"line":140}},"s":{"0":16,"1":16,"2":16,"3":1,"4":1,"5":1,"6":16,"7":2,"8":2,"9":0,"10":2,"11":2,"12":2,"13":2,"14":0,"15":2,"16":2,"17":16,"18":1,"19":16,"20":3,"21":3,"22":3,"23":3,"24":0,"25":3,"26":2,"27":2,"28":1,"29":2,"30":16,"31":1,"32":16,"33":16,"34":16},"f":{"0":16,"1":1,"2":2,"3":1,"4":3,"5":3,"6":1},"b":{"0":[0,2],"1":[2,0],"2":[0,3],"3":[2,1],"4":[1,1],"5":[16,5],"6":[11,5]},"meta":{"lastBranch":7,"lastFunction":7,"lastStatement":35,"seen":{"f:27:16:27:34":0,"s:34:2:34:Infinity":0,"s:36:8:36:Infinity":1,"s:41:8:45:Infinity":2,"f:41:36:41:42":1,"s:42:10:42:Infinity":3,"s:43:4:43:Infinity":4,"s:44:4:44:Infinity":5,"s:50:8:69:Infinity":6,"f:51:4:51:11":2,"s:52:19:52:Infinity":7,"b:53:6:53:Infinity:undefined:undefined:undefined:undefined":0,"s:53:6:53:Infinity":8,"s:53:17:53:Infinity":9,"s:55:6:61:Infinity":10,"s:56:20:56:Infinity":11,"s:57:8:57:Infinity":12,"s:58:8:58:Infinity":13,"s:60:8:60:Infinity":14,"b:64:6:66:Infinity:undefined:undefined:undefined:undefined":1,"s:64:6:66:Infinity":15,"s:65:8:65:Infinity":16,"s:74:8:76:Infinity":17,"f:74:44:74:50":3,"s:75:4:75:Infinity":18,"s:82:8:101:Infinity":19,"f:83:4:83:5":4,"s:84:24:84:Infinity":20,"s:85:18:85:Infinity":21,"f:85:33:85:34":5,"s:85:40:85:54":22,"b:87:6:87:Infinity:undefined:undefined:undefined:undefined":2,"s:87:6:87:Infinity":23,"s:87:16:87:Infinity":24,"b:89:6:96:Infinity:undefined:undefined:undefined:undefined":3,"s:89:6:96:Infinity":25,"s:90:26:92:Infinity":26,"b:93:8:95:Infinity:undefined:undefined:undefined:undefined":4,"s:93:8:95:Infinity":27,"s:94:10:94:Infinity":28,"s:98:6:98:Infinity":29,"s:106:8:111:Infinity":30,"f:107:4:107:5":6,"s:108:6:108:Infinity":31,"s:113:20:113:Infinity":32,"s:114:25:114:Infinity":33,"s:116:2:153:Infinity":34,"b:134:26:134:48:134:48:134:Infinity":5,"b:141:10:143:Infinity:145:10:150:Infinity":6}}}
,"D:\\Projects\\AI\\xmlPreviewer\\src\\core\\documentManager\\DocumentTab.tsx": {"path":"D:\\Projects\\AI\\xmlPreviewer\\src\\core\\documentManager\\DocumentTab.tsx","statementMap":{"0":{"start":{"line":33,"column":27},"end":{"line":36,"column":null}},"1":{"start":{"line":34,"column":4},"end":{"line":34,"column":null}},"2":{"start":{"line":35,"column":4},"end":{"line":35,"column":null}},"3":{"start":{"line":38,"column":29},"end":{"line":38,"column":null}},"4":{"start":{"line":40,"column":2},"end":{"line":71,"column":null}}},"fnMap":{"0":{"name":"DocumentTab","decl":{"start":{"line":32,"column":16},"end":{"line":32,"column":28}},"loc":{"start":{"line":32,"column":88},"end":{"line":73,"column":null}},"line":32},"1":{"name":"(anonymous_1)","decl":{"start":{"line":33,"column":27},"end":{"line":33,"column":28}},"loc":{"start":{"line":33,"column":52},"end":{"line":36,"column":null}},"line":33}},"branchMap":{"0":{"loc":{"start":{"line":42,"column":33},"end":{"line":42,"column":57}},"type":"cond-expr","locations":[{"start":{"line":42,"column":44},"end":{"line":42,"column":55}},{"start":{"line":42,"column":55},"end":{"line":42,"column":57}}],"line":42},"1":{"loc":{"start":{"line":52,"column":7},"end":{"line":59,"column":null}},"type":"binary-expr","locations":[{"start":{"line":52,"column":7},"end":{"line":52,"column":null}},{"start":{"line":53,"column":8},"end":{"line":59,"column":null}}],"line":52}},"s":{"0":14,"1":3,"2":3,"3":14,"4":14},"f":{"0":14,"1":3},"b":{"0":[11,3],"1":[14,4]},"meta":{"lastBranch":2,"lastFunction":2,"lastStatement":5,"seen":{"f:32:16:32:28":0,"s:33:27:36:Infinity":0,"f:33:27:33:28":1,"s:34:4:34:Infinity":1,"s:35:4:35:Infinity":2,"s:38:29:38:Infinity":3,"s:40:2:71:Infinity":4,"b:42:44:42:55:42:55:42:57":0,"b:52:7:52:Infinity:53:8:59:Infinity":1}}}
,"D:\\Projects\\AI\\xmlPreviewer\\src\\core\\documentManager\\DocumentTabs.tsx": {"path":"D:\\Projects\\AI\\xmlPreviewer\\src\\core\\documentManager\\DocumentTabs.tsx","statementMap":{"0":{"start":{"line":40,"column":2},"end":{"line":42,"column":null}},"1":{"start":{"line":41,"column":4},"end":{"line":41,"column":null}},"2":{"start":{"line":44,"column":2},"end":{"line":55,"column":null}},"3":{"start":{"line":47,"column":8},"end":{"line":53,"column":null}},"4":{"start":{"line":51,"column":25},"end":{"line":51,"column":null}},"5":{"start":{"line":52,"column":25},"end":{"line":52,"column":null}}},"fnMap":{"0":{"name":"DocumentTabs","decl":{"start":{"line":34,"column":16},"end":{"line":34,"column":29}},"loc":{"start":{"line":39,"column":22},"end":{"line":57,"column":null}},"line":39},"1":{"name":"(anonymous_1)","decl":{"start":{"line":46,"column":21},"end":{"line":46,"column":22}},"loc":{"start":{"line":47,"column":8},"end":{"line":53,"column":null}},"line":47},"2":{"name":"(anonymous_2)","decl":{"start":{"line":51,"column":19},"end":{"line":51,"column":25}},"loc":{"start":{"line":51,"column":25},"end":{"line":51,"column":null}},"line":51},"3":{"name":"(anonymous_3)","decl":{"start":{"line":52,"column":19},"end":{"line":52,"column":25}},"loc":{"start":{"line":52,"column":25},"end":{"line":52,"column":null}},"line":52}},"branchMap":{"0":{"loc":{"start":{"line":40,"column":2},"end":{"line":42,"column":null}},"type":"if","locations":[{"start":{"line":40,"column":2},"end":{"line":42,"column":null}},{"start":{},"end":{}}],"line":40}},"s":{"0":16,"1":5,"2":11,"3":14,"4":1,"5":3},"f":{"0":16,"1":14,"2":1,"3":3},"b":{"0":[5,11]},"meta":{"lastBranch":1,"lastFunction":4,"lastStatement":6,"seen":{"f:34:16:34:29":0,"b:40:2:42:Infinity:undefined:undefined:undefined:undefined":0,"s:40:2:42:Infinity":0,"s:41:4:41:Infinity":1,"s:44:2:55:Infinity":2,"f:46:21:46:22":1,"s:47:8:53:Infinity":3,"f:51:19:51:25":2,"s:51:25:51:Infinity":4,"f:52:19:52:25":3,"s:52:25:52:Infinity":5}}}
,"D:\\Projects\\AI\\xmlPreviewer\\src\\core\\documentManager\\DocumentToolbar.tsx": {"path":"D:\\Projects\\AI\\xmlPreviewer\\src\\core\\documentManager\\DocumentToolbar.tsx","statementMap":{"0":{"start":{"line":25,"column":2},"end":{"line":43,"column":null}}},"fnMap":{"0":{"name":"DocumentToolbar","decl":{"start":{"line":24,"column":16},"end":{"line":24,"column":32}},"loc":{"start":{"line":24,"column":81},"end":{"line":45,"column":null}},"line":24}},"branchMap":{},"s":{"0":16},"f":{"0":16},"b":{},"meta":{"lastBranch":0,"lastFunction":1,"lastStatement":1,"seen":{"f:24:16:24:32":0,"s:25:2:43:Infinity":0}}}
,"D:\\Projects\\AI\\xmlPreviewer\\src\\types\\document.ts": {"path":"D:\\Projects\\AI\\xmlPreviewer\\src\\types\\document.ts","statementMap":{"0":{"start":{"line":5,"column":7},"end":{"line":5,"column":null}},"1":{"start":{"line":7,"column":2},"end":{"line":7,"column":null}},"2":{"start":{"line":9,"column":2},"end":{"line":9,"column":null}},"3":{"start":{"line":11,"column":2},"end":{"line":11,"column":null}},"4":{"start":{"line":13,"column":2},"end":{"line":13,"column":null}},"5":{"start":{"line":15,"column":2},"end":{"line":15,"column":null}},"6":{"start":{"line":5,"column":12},"end":{"line":5,"column":null}},"7":{"start":{"line":22,"column":7},"end":{"line":22,"column":null}},"8":{"start":{"line":24,"column":2},"end":{"line":24,"column":null}},"9":{"start":{"line":26,"column":2},"end":{"line":26,"column":null}},"10":{"start":{"line":28,"column":2},"end":{"line":28,"column":null}},"11":{"start":{"line":30,"column":2},"end":{"line":30,"column":null}},"12":{"start":{"line":32,"column":2},"end":{"line":32,"column":null}},"13":{"start":{"line":22,"column":12},"end":{"line":22,"column":null}}},"fnMap":{"0":{"name":"(anonymous_0)","decl":{"start":{"line":5,"column":7},"end":{"line":5,"column":12}},"loc":{"start":{"line":5,"column":7},"end":{"line":5,"column":null}},"line":5},"1":{"name":"(anonymous_1)","decl":{"start":{"line":22,"column":7},"end":{"line":22,"column":12}},"loc":{"start":{"line":22,"column":7},"end":{"line":22,"column":null}},"line":22}},"branchMap":{"0":{"loc":{"start":{"line":5,"column":12},"end":{"line":5,"column":null}},"type":"binary-expr","locations":[{"start":{"line":5,"column":12},"end":{"line":5,"column":null}},{"start":{"line":5,"column":12},"end":{"line":5,"column":null}}],"line":5},"1":{"loc":{"start":{"line":22,"column":12},"end":{"line":22,"column":null}},"type":"binary-expr","locations":[{"start":{"line":22,"column":12},"end":{"line":22,"column":null}},{"start":{"line":22,"column":12},"end":{"line":22,"column":null}}],"line":22}},"s":{"0":1,"1":1,"2":1,"3":1,"4":1,"5":1,"6":1,"7":1,"8":1,"9":1,"10":1,"11":1,"12":1,"13":1},"f":{"0":1,"1":1},"b":{"0":[1,1],"1":[1,1]},"meta":{"lastBranch":2,"lastFunction":2,"lastStatement":14,"seen":{"s:5:7:5:Infinity":0,"f:5:7:5:12":0,"s:7:2:7:Infinity":1,"s:9:2:9:Infinity":2,"s:11:2:11:Infinity":3,"s:13:2:13:Infinity":4,"s:15:2:15:Infinity":5,"s:5:12:5:Infinity":6,"b:5:12:5:Infinity:5:12:5:Infinity":0,"s:22:7:22:Infinity":7,"f:22:7:22:12":1,"s:24:2:24:Infinity":8,"s:26:2:26:Infinity":9,"s:28:2:28:Infinity":10,"s:30:2:30:Infinity":11,"s:32:2:32:Infinity":12,"s:22:12:22:Infinity":13,"b:22:12:22:Infinity:22:12:22:Infinity":1}}}
,"D:\\Projects\\AI\\xmlPreviewer\\src\\types\\index.ts": {"path":"D:\\Projects\\AI\\xmlPreviewer\\src\\types\\index.ts","statementMap":{"0":{"start":{"line":2,"column":0},"end":{"line":2,"column":null}}},"fnMap":{},"branchMap":{},"s":{"0":1},"f":{},"b":{},"meta":{"lastBranch":0,"lastFunction":0,"lastStatement":1,"seen":{"s:2:0:2:Infinity":0}}}
}
